Kiddo/Kiddo/app/build/outputs/logs/manifest-merger-debug-report.txt
-- Merging decision tree log ---
manifest
ADDED from src\main\AndroidManifest.xml:2:1-86:12
	package
		ADDED from src\main\AndroidManifest.xml:3:5-32
		INJECTED from src\main\AndroidManifest.xml
		INJECTED from src\main\AndroidManifest.xml
	android:versionName
		INJECTED from src\main\AndroidManifest.xml
		INJECTED from src\main\AndroidManifest.xml
	xmlns:android
		ADDED from src\main\AndroidManifest.xml:2:11-69
	android:versionCode
		INJECTED from src\main\AndroidManifest.xml
		INJECTED from src\main\AndroidManifest.xml
application
ADDED from src\main\AndroidManifest.xml:5:5-84:19
MERGED from [com.android.support:design:24.2.1] AndroidManifest.xml:22:5-20
MERGED from [com.android.support:support-v4:24.2.1] AndroidManifest.xml:25:5-20
MERGED from [com.android.support:support-compat:24.2.1] AndroidManifest.xml:25:5-20
MERGED from [com.android.support:support-media-compat:24.2.1] AndroidManifest.xml:25:5-20
MERGED from [com.android.support:support-core-utils:24.2.1] AndroidManifest.xml:25:5-20
MERGED from [com.android.support:support-core-ui:24.2.1] AndroidManifest.xml:25:5-20
MERGED from [com.android.support:support-fragment:24.2.1] AndroidManifest.xml:25:5-20
MERGED from [com.android.support:appcompat-v7:24.2.1] AndroidManifest.xml:25:5-20
MERGED from [com.android.support:support-vector-drawable:24.2.1] AndroidManifest.xml:23:5-20
MERGED from [com.android.support:animated-vector-drawable:24.2.1] AndroidManifest.xml:22:5-20
	android:label
		ADDED from src\main\AndroidManifest.xml:8:9-41
	android:supportsRtl
		ADDED from src\main\AndroidManifest.xml:9:9-35
	android:allowBackup
		ADDED from src\main\AndroidManifest.xml:6:9-35
	android:icon
		ADDED from src\main\AndroidManifest.xml:7:9-43
	android:theme
		ADDED from src\main\AndroidManifest.xml:10:9-40
activity#com.team_05.kiddo.MainActivity
ADDED from src\main\AndroidManifest.xml:11:9-17:20
	android:name
		ADDED from src\main\AndroidManifest.xml:11:19-47
intent-filter#android.intent.action.MAIN+android.intent.category.LAUNCHER
ADDED from src\main\AndroidManifest.xml:12:13-16:29
action#android.intent.action.MAIN
ADDED from src\main\AndroidManifest.xml:13:17-69
	android:name
		ADDED from src\main\AndroidManifest.xml:13:25-66
category#android.intent.category.LAUNCHER
ADDED from src\main\AndroidManifest.xml:15:17-77
	android:name
		ADDED from src\main\AndroidManifest.xml:15:27-74
activity#com.team_05.kiddo.TeacherInitialLoginActivity
ADDED from src\main\AndroidManifest.xml:18:9-24:20
	android:name
		ADDED from src\main\AndroidManifest.xml:18:19-62
intent-filter#android.intent.action.MAIN+android.intent.category.DEFAULT
ADDED from src\main\AndroidManifest.xml:19:13-23:29
category#android.intent.category.DEFAULT
ADDED from src\main\AndroidManifest.xml:22:17-76
	android:name
		ADDED from src\main\AndroidManifest.xml:22:27-73
activity#com.team_05.kiddo.ClassesActivity
ADDED from src\main\AndroidManifest.xml:25:9-31:20
	android:name
		ADDED from src\main\AndroidManifest.xml:25:19-50
activity#com.team_05.kiddo.SettingsActivity
ADDED from src\main\AndroidManifest.xml:32:9-38:20
	android:name
		ADDED from src\main\AndroidManifest.xml:32:19-51
activity#com.team_05.kiddo.TabActivity
ADDED from src\main\AndroidManifest.xml:39:9-47:20
	android:windowSoftInputMode
		ADDED from src\main\AndroidManifest.xml:41:13-52
	android:name
		ADDED from src\main\AndroidManifest.xml:40:13-40
activity#com.team_05.kiddo.MessageActivity
ADDED from src\main\AndroidManifest.xml:48:9-50:55
	android:windowSoftInputMode
		ADDED from src\main\AndroidManifest.xml:50:13-52
	android:name
		ADDED from src\main\AndroidManifest.xml:49:13-44
activity#com.team_05.kiddo.CreateEventActivity
ADDED from src\main\AndroidManifest.xml:51:9-57
	android:name
		ADDED from src\main\AndroidManifest.xml:51:19-54
activity#com.team_05.kiddo.GroupMessageActivity
ADDED from src\main\AndroidManifest.xml:52:9-54:55
	android:windowSoftInputMode
		ADDED from src\main\AndroidManifest.xml:54:13-52
	android:name
		ADDED from src\main\AndroidManifest.xml:53:13-49
activity#com.team_05.kiddo.EnrolmentRequestActivity
ADDED from src\main\AndroidManifest.xml:55:9-62
	android:name
		ADDED from src\main\AndroidManifest.xml:55:19-59
activity#com.team_05.kiddo.ParentInfo
ADDED from src\main\AndroidManifest.xml:56:9-48
	android:name
		ADDED from src\main\AndroidManifest.xml:56:19-45
activity#com.team_05.kiddo.TermsAndConditionsActivity
ADDED from src\main\AndroidManifest.xml:57:9-64
	android:name
		ADDED from src\main\AndroidManifest.xml:57:19-61
activity#com.team_05.kiddo.RegistrationConfirmationActivity
ADDED from src\main\AndroidManifest.xml:58:9-70
	android:name
		ADDED from src\main\AndroidManifest.xml:58:19-67
activity#com.team_05.kiddo.ChildrenActivity
ADDED from src\main\AndroidManifest.xml:59:9-54
	android:name
		ADDED from src\main\AndroidManifest.xml:59:19-51
activity#com.team_05.kiddo.EventDescriptionActivity
ADDED from src\main\AndroidManifest.xml:60:9-62
	android:name
		ADDED from src\main\AndroidManifest.xml:60:19-59
activity#com.team_05.kiddo.AddChildActivity
ADDED from src\main\AndroidManifest.xml:61:9-54
	android:name
		ADDED from src\main\AndroidManifest.xml:61:19-51
activity#com.team_05.kiddo.CourseEnrolmentActivity
ADDED from src\main\AndroidManifest.xml:62:9-61
	android:name
		ADDED from src\main\AndroidManifest.xml:62:19-58
activity#com.team_05.kiddo.AdminAddTeacher
ADDED from src\main\AndroidManifest.xml:63:9-53
	android:name
		ADDED from src\main\AndroidManifest.xml:63:19-50
activity#com.team_05.kiddo.AdminTeacherInvite
ADDED from src\main\AndroidManifest.xml:64:9-56
	android:name
		ADDED from src\main\AndroidManifest.xml:64:19-53
activity#com.team_05.kiddo.AdminTeacherInviteConfirm
ADDED from src\main\AndroidManifest.xml:65:9-63
	android:name
		ADDED from src\main\AndroidManifest.xml:65:19-60
activity#com.team_05.kiddo.ParentTabActivity
ADDED from src\main\AndroidManifest.xml:66:9-55
	android:name
		ADDED from src\main\AndroidManifest.xml:66:19-52
activity#com.team_05.kiddo.ParentClassTabActivity
ADDED from src\main\AndroidManifest.xml:67:9-60
	android:name
		ADDED from src\main\AndroidManifest.xml:67:19-57
activity#com.team_05.kiddo.AnnouncementDetailsActivity
ADDED from src\main\AndroidManifest.xml:68:9-65
	android:name
		ADDED from src\main\AndroidManifest.xml:68:19-62
activity#com.team_05.kiddo.EventDetailsActivity
ADDED from src\main\AndroidManifest.xml:69:9-58
	android:name
		ADDED from src\main\AndroidManifest.xml:69:19-55
activity#com.team_05.kiddo.AdminTeacherDetails
ADDED from src\main\AndroidManifest.xml:70:9-73:47
	android:label
		ADDED from src\main\AndroidManifest.xml:72:13-73
	android:theme
		ADDED from src\main\AndroidManifest.xml:73:13-44
	android:name
		ADDED from src\main\AndroidManifest.xml:71:13-48
activity#com.team_05.kiddo.AdminViewTeacher
ADDED from src\main\AndroidManifest.xml:74:9-54
	android:name
		ADDED from src\main\AndroidManifest.xml:74:19-51
activity#com.team_05.kiddo.AdminMainMenu
ADDED from src\main\AndroidManifest.xml:75:9-51
	android:name
		ADDED from src\main\AndroidManifest.xml:75:19-48
activity#com.team_05.kiddo.AdminTeacherDelete
ADDED from src\main\AndroidManifest.xml:76:9-56
	android:name
		ADDED from src\main\AndroidManifest.xml:76:19-53
activity#com.team_05.kiddo.AdminManageClasses
ADDED from src\main\AndroidManifest.xml:77:9-56
	android:name
		ADDED from src\main\AndroidManifest.xml:77:19-53
activity#com.team_05.kiddo.AdminManageTeachers
ADDED from src\main\AndroidManifest.xml:78:9-57
	android:name
		ADDED from src\main\AndroidManifest.xml:78:19-54
activity#com.team_05.kiddo.AdminAddTeacherToClass
ADDED from src\main\AndroidManifest.xml:79:9-60
	android:name
		ADDED from src\main\AndroidManifest.xml:79:19-57
activity#com.team_05.kiddo.AdminAddClass
ADDED from src\main\AndroidManifest.xml:80:9-51
	android:name
		ADDED from src\main\AndroidManifest.xml:80:19-48
activity#com.team_05.kiddo.AdminViewClass
ADDED from src\main\AndroidManifest.xml:81:9-52
	android:name
		ADDED from src\main\AndroidManifest.xml:81:19-49
activity#com.team_05.kiddo.AdminClassList
ADDED from src\main\AndroidManifest.xml:82:9-52
	android:name
		ADDED from src\main\AndroidManifest.xml:82:19-49
activity#com.team_05.kiddo.AdminUpdateInfo
ADDED from src\main\AndroidManifest.xml:83:9-62
	android:name
		ADDED from src\main\AndroidManifest.xml:83:19-50
uses-sdk
INJECTED from src\main\AndroidManifest.xml reason: use-sdk injection requested
MERGED from [com.android.support:design:24.2.1] AndroidManifest.xml:20:5-43
MERGED from [com.android.support:support-v4:24.2.1] AndroidManifest.xml:21:5-23:54
MERGED from [com.android.support:support-compat:24.2.1] AndroidManifest.xml:21:5-23:58
MERGED from [com.android.support:support-media-compat:24.2.1] AndroidManifest.xml:21:5-23:63
MERGED from [com.android.support:support-core-utils:24.2.1] AndroidManifest.xml:21:5-23:61
MERGED from [com.android.support:support-core-ui:24.2.1] AndroidManifest.xml:21:5-23:58
MERGED from [com.android.support:support-fragment:24.2.1] AndroidManifest.xml:21:5-23:60
MERGED from [com.android.support:appcompat-v7:24.2.1] AndroidManifest.xml:21:5-23:78
MERGED from [com.android.support:support-vector-drawable:24.2.1] AndroidManifest.xml:21:5-43
MERGED from [com.android.support:animated-vector-drawable:24.2.1] AndroidManifest.xml:20:5-44
MERGED from [com.android.support:recyclerview-v7:24.2.1] AndroidManifest.xml:20:5-43
MERGED from [com.github.sundeepk:compact-calendar-view:1.9.1] AndroidManifest.xml:7:5-9:41
	tools:overrideLibrary
		ADDED from [com.android.support:support-v4:24.2.1] AndroidManifest.xml:23:9-51
	android:targetSdkVersion
		INJECTED from src\main\AndroidManifest.xml
		INJECTED from src\main\AndroidManifest.xml
	android:minSdkVersion
		INJECTED from src\main\AndroidManifest.xml
		INJECTED from src\main\AndroidManifest.xml